{"name":"hexo","hostname":"localhost","pid":96638,"level":20,"msg":"Writing database to /Users/moldybr3ad/Desktop/Br3ad_blog/br3ad.github.io/db.json","time":"2019-11-20T16:38:56.400Z","v":0}
{"name":"hexo","hostname":"localhost","pid":96638,"level":20,"msg":"Hexo version: \u001b[35m4.0.0\u001b[39m","time":"2019-11-20T16:38:56.442Z","v":0}
{"name":"hexo","hostname":"localhost","pid":96638,"level":20,"msg":"Working directory: \u001b[35m~/Desktop/Br3ad_blog/br3ad.github.io/\u001b[39m","time":"2019-11-20T16:38:56.444Z","v":0}
{"name":"hexo","hostname":"localhost","pid":96638,"level":20,"msg":"Config loaded: \u001b[35m~/Desktop/Br3ad_blog/br3ad.github.io/_config.yml\u001b[39m","time":"2019-11-20T16:38:56.685Z","v":0}
{"name":"hexo","hostname":"localhost","pid":96638,"level":20,"msg":"Plugin loaded: \u001b[35mhexo-deployer-git\u001b[39m","time":"2019-11-20T16:38:56.756Z","v":0}
{"name":"hexo","hostname":"localhost","pid":96638,"level":20,"msg":"Plugin loaded: \u001b[35mhexo-generator-category\u001b[39m","time":"2019-11-20T16:38:56.759Z","v":0}
{"name":"hexo","hostname":"localhost","pid":96638,"level":20,"msg":"Plugin loaded: \u001b[35mhexo-generator-archive\u001b[39m","time":"2019-11-20T16:38:56.761Z","v":0}
{"name":"hexo","hostname":"localhost","pid":96638,"level":20,"msg":"Plugin loaded: \u001b[35mhexo-generator-index\u001b[39m","time":"2019-11-20T16:38:56.763Z","v":0}
{"name":"hexo","hostname":"localhost","pid":96638,"level":20,"msg":"Plugin loaded: \u001b[35mhexo-generator-tag\u001b[39m","time":"2019-11-20T16:38:56.764Z","v":0}
{"name":"hexo","hostname":"localhost","pid":96638,"level":20,"msg":"Plugin loaded: \u001b[35mhexo-renderer-ejs\u001b[39m","time":"2019-11-20T16:38:56.769Z","v":0}
{"name":"hexo","hostname":"localhost","pid":96638,"level":20,"msg":"Plugin loaded: \u001b[35mhexo-renderer-marked\u001b[39m","time":"2019-11-20T16:38:56.828Z","v":0}
{"name":"hexo","hostname":"localhost","pid":96638,"level":20,"msg":"Plugin loaded: \u001b[35mhexo-renderer-stylus\u001b[39m","time":"2019-11-20T16:38:57.008Z","v":0}
{"name":"hexo","hostname":"localhost","pid":96638,"level":20,"msg":"Plugin loaded: \u001b[35mhexo-server\u001b[39m","time":"2019-11-20T16:38:57.110Z","v":0}
{"name":"hexo","hostname":"localhost","pid":96638,"level":20,"msg":"Script loaded: \u001b[35mthemes/landscape/scripts/fancybox.js\u001b[39m","time":"2019-11-20T16:38:57.114Z","v":0}
{"name":"hexo","hostname":"localhost","pid":96638,"level":20,"msg":"Loading database.","time":"2019-11-20T16:38:57.122Z","v":0}
{"name":"hexo","hostname":"localhost","pid":96638,"level":30,"msg":"Start processing","time":"2019-11-20T16:38:57.183Z","v":0}
{"name":"hexo","hostname":"localhost","pid":96638,"level":20,"msg":"Processed: \u001b[35m_posts/git常用命令操作清单.md\u001b[39m","time":"2019-11-20T16:38:57.227Z","v":0}
{"name":"hexo","hostname":"localhost","pid":96638,"level":20,"msg":"Theme config loaded.","time":"2019-11-20T16:38:57.276Z","v":0}
{"name":"hexo","hostname":"localhost","pid":96638,"level":20,"msg":"Processed: \u001b[35msource/css/main.css\u001b[39m","time":"2019-11-20T16:38:57.278Z","v":0}
{"name":"hexo","hostname":"localhost","pid":96638,"level":20,"msg":"Processed: \u001b[35m_config.yml\u001b[39m","time":"2019-11-20T16:38:57.279Z","v":0}
{"name":"hexo","hostname":"localhost","pid":96638,"level":20,"msg":"Processed: \u001b[35msource/css/style.styl\u001b[39m","time":"2019-11-20T16:38:57.279Z","v":0}
{"name":"hexo","hostname":"localhost","pid":96638,"level":20,"msg":"Processed: \u001b[35msource/fancybox/blank.gif\u001b[39m","time":"2019-11-20T16:38:57.279Z","v":0}
{"name":"hexo","hostname":"localhost","pid":96638,"level":20,"msg":"Processed: \u001b[35msource/fancybox/fancybox_loading.gif\u001b[39m","time":"2019-11-20T16:38:57.280Z","v":0}
{"name":"hexo","hostname":"localhost","pid":96638,"level":20,"msg":"Processed: \u001b[35msource/fancybox/fancybox_loading@2x.gif\u001b[39m","time":"2019-11-20T16:38:57.281Z","v":0}
{"name":"hexo","hostname":"localhost","pid":96638,"level":20,"msg":"Processed: \u001b[35msource/fancybox/fancybox_overlay.png\u001b[39m","time":"2019-11-20T16:38:57.281Z","v":0}
{"name":"hexo","hostname":"localhost","pid":96638,"level":20,"msg":"Processed: \u001b[35msource/fancybox/fancybox_sprite.png\u001b[39m","time":"2019-11-20T16:38:57.282Z","v":0}
{"name":"hexo","hostname":"localhost","pid":96638,"level":20,"msg":"Processed: \u001b[35msource/fancybox/fancybox_sprite@2x.png\u001b[39m","time":"2019-11-20T16:38:57.283Z","v":0}
{"name":"hexo","hostname":"localhost","pid":96638,"level":20,"msg":"Processed: \u001b[35msource/fancybox/jquery.fancybox.css\u001b[39m","time":"2019-11-20T16:38:57.283Z","v":0}
{"name":"hexo","hostname":"localhost","pid":96638,"level":20,"msg":"Processed: \u001b[35msource/fancybox/jquery.fancybox.js\u001b[39m","time":"2019-11-20T16:38:57.284Z","v":0}
{"name":"hexo","hostname":"localhost","pid":96638,"level":20,"msg":"Processed: \u001b[35msource/fancybox/jquery.fancybox.pack.js\u001b[39m","time":"2019-11-20T16:38:57.284Z","v":0}
{"name":"hexo","hostname":"localhost","pid":96638,"level":20,"msg":"Processed: \u001b[35msource/js/resume.js\u001b[39m","time":"2019-11-20T16:38:57.285Z","v":0}
{"name":"hexo","hostname":"localhost","pid":96638,"level":20,"msg":"Processed: \u001b[35msource/js/script.js\u001b[39m","time":"2019-11-20T16:38:57.286Z","v":0}
{"name":"hexo","hostname":"localhost","pid":96638,"level":20,"msg":"Processed: \u001b[35msource/pdf/前端开发工程师-谢长春-13671012707.pdf\u001b[39m","time":"2019-11-20T16:38:57.286Z","v":0}
{"name":"hexo","hostname":"localhost","pid":96638,"level":20,"msg":"Processed: \u001b[35msource/resume/index.html\u001b[39m","time":"2019-11-20T16:38:57.287Z","v":0}
{"name":"hexo","hostname":"localhost","pid":96638,"level":20,"msg":"Processed: \u001b[35msource/resume/project_h5.html\u001b[39m","time":"2019-11-20T16:38:57.288Z","v":0}
{"name":"hexo","hostname":"localhost","pid":96638,"level":20,"msg":"Processed: \u001b[35mlayout/archive.ejs\u001b[39m","time":"2019-11-20T16:38:57.319Z","v":0}
{"name":"hexo","hostname":"localhost","pid":96638,"level":20,"msg":"Processed: \u001b[35mlayout/index.ejs\u001b[39m","time":"2019-11-20T16:38:57.319Z","v":0}
{"name":"hexo","hostname":"localhost","pid":96638,"level":20,"msg":"Processed: \u001b[35mlayout/layout.ejs\u001b[39m","time":"2019-11-20T16:38:57.320Z","v":0}
{"name":"hexo","hostname":"localhost","pid":96638,"level":20,"msg":"Processed: \u001b[35mlayout/category.ejs\u001b[39m","time":"2019-11-20T16:38:57.320Z","v":0}
{"name":"hexo","hostname":"localhost","pid":96638,"level":20,"msg":"Processed: \u001b[35mlayout/page.ejs\u001b[39m","time":"2019-11-20T16:38:57.320Z","v":0}
{"name":"hexo","hostname":"localhost","pid":96638,"level":20,"msg":"Processed: \u001b[35mlayout/post.ejs\u001b[39m","time":"2019-11-20T16:38:57.320Z","v":0}
{"name":"hexo","hostname":"localhost","pid":96638,"level":20,"msg":"Processed: \u001b[35mlayout/tag.ejs\u001b[39m","time":"2019-11-20T16:38:57.321Z","v":0}
{"name":"hexo","hostname":"localhost","pid":96638,"level":20,"msg":"Processed: \u001b[35mlanguages/es.yml\u001b[39m","time":"2019-11-20T16:38:57.329Z","v":0}
{"name":"hexo","hostname":"localhost","pid":96638,"level":20,"msg":"Processed: \u001b[35mlanguages/default.yml\u001b[39m","time":"2019-11-20T16:38:57.329Z","v":0}
{"name":"hexo","hostname":"localhost","pid":96638,"level":20,"msg":"Processed: \u001b[35mlanguages/fr.yml\u001b[39m","time":"2019-11-20T16:38:57.332Z","v":0}
{"name":"hexo","hostname":"localhost","pid":96638,"level":20,"msg":"Processed: \u001b[35mlanguages/de.yml\u001b[39m","time":"2019-11-20T16:38:57.332Z","v":0}
{"name":"hexo","hostname":"localhost","pid":96638,"level":20,"msg":"Processed: \u001b[35mlanguages/ja.yml\u001b[39m","time":"2019-11-20T16:38:57.332Z","v":0}
{"name":"hexo","hostname":"localhost","pid":96638,"level":20,"msg":"Processed: \u001b[35mlanguages/ko.yml\u001b[39m","time":"2019-11-20T16:38:57.333Z","v":0}
{"name":"hexo","hostname":"localhost","pid":96638,"level":20,"msg":"Processed: \u001b[35mlanguages/nl.yml\u001b[39m","time":"2019-11-20T16:38:57.333Z","v":0}
{"name":"hexo","hostname":"localhost","pid":96638,"level":20,"msg":"Processed: \u001b[35mlanguages/no.yml\u001b[39m","time":"2019-11-20T16:38:57.333Z","v":0}
{"name":"hexo","hostname":"localhost","pid":96638,"level":20,"msg":"Processed: \u001b[35mlanguages/pt.yml\u001b[39m","time":"2019-11-20T16:38:57.333Z","v":0}
{"name":"hexo","hostname":"localhost","pid":96638,"level":20,"msg":"Processed: \u001b[35mlanguages/ru.yml\u001b[39m","time":"2019-11-20T16:38:57.334Z","v":0}
{"name":"hexo","hostname":"localhost","pid":96638,"level":20,"msg":"Processed: \u001b[35mlanguages/zh-CN.yml\u001b[39m","time":"2019-11-20T16:38:57.334Z","v":0}
{"name":"hexo","hostname":"localhost","pid":96638,"level":20,"msg":"Processed: \u001b[35mlanguages/zh-TW.yml\u001b[39m","time":"2019-11-20T16:38:57.334Z","v":0}
{"name":"hexo","hostname":"localhost","pid":96638,"level":20,"msg":"Processed: \u001b[35msource/css/fonts/FontAwesome.otf\u001b[39m","time":"2019-11-20T16:38:57.335Z","v":0}
{"name":"hexo","hostname":"localhost","pid":96638,"level":20,"msg":"Processed: \u001b[35msource/css/fonts/fontawesome-webfont.eot\u001b[39m","time":"2019-11-20T16:38:57.335Z","v":0}
{"name":"hexo","hostname":"localhost","pid":96638,"level":20,"msg":"Processed: \u001b[35msource/css/fonts/fontawesome-webfont.svg\u001b[39m","time":"2019-11-20T16:38:57.336Z","v":0}
{"name":"hexo","hostname":"localhost","pid":96638,"level":20,"msg":"Processed: \u001b[35msource/css/fonts/fontawesome-webfont.ttf\u001b[39m","time":"2019-11-20T16:38:57.337Z","v":0}
{"name":"hexo","hostname":"localhost","pid":96638,"level":20,"msg":"Processed: \u001b[35msource/css/fonts/fontawesome-webfont.woff\u001b[39m","time":"2019-11-20T16:38:57.340Z","v":0}
{"name":"hexo","hostname":"localhost","pid":96638,"level":20,"msg":"Processed: \u001b[35msource/css/fonts/iconfont.eot\u001b[39m","time":"2019-11-20T16:38:57.342Z","v":0}
{"name":"hexo","hostname":"localhost","pid":96638,"level":20,"msg":"Processed: \u001b[35msource/css/fonts/iconfont.svg\u001b[39m","time":"2019-11-20T16:38:57.343Z","v":0}
{"name":"hexo","hostname":"localhost","pid":96638,"level":20,"msg":"Processed: \u001b[35msource/css/fonts/iconfont.ttf\u001b[39m","time":"2019-11-20T16:38:57.343Z","v":0}
{"name":"hexo","hostname":"localhost","pid":96638,"level":20,"msg":"Processed: \u001b[35msource/css/fonts/iconfont.woff\u001b[39m","time":"2019-11-20T16:38:57.344Z","v":0}
{"name":"hexo","hostname":"localhost","pid":96638,"level":20,"msg":"Processed: \u001b[35msource/css/fonts/iconfont.woff2\u001b[39m","time":"2019-11-20T16:38:57.345Z","v":0}
{"name":"hexo","hostname":"localhost","pid":96638,"level":20,"msg":"Processed: \u001b[35msource/css/images/banner.jpg\u001b[39m","time":"2019-11-20T16:38:57.345Z","v":0}
{"name":"hexo","hostname":"localhost","pid":96638,"level":20,"msg":"Processed: \u001b[35msource/css/images/codepen_logo.png\u001b[39m","time":"2019-11-20T16:38:57.346Z","v":0}
{"name":"hexo","hostname":"localhost","pid":96638,"level":20,"msg":"Processed: \u001b[35msource/css/images/edu_logo.jpg\u001b[39m","time":"2019-11-20T16:38:57.347Z","v":0}
{"name":"hexo","hostname":"localhost","pid":96638,"level":20,"msg":"Processed: \u001b[35msource/css/images/favicon.ico\u001b[39m","time":"2019-11-20T16:38:57.347Z","v":0}
{"name":"hexo","hostname":"localhost","pid":96638,"level":20,"msg":"Processed: \u001b[35msource/css/images/item_project_01.png\u001b[39m","time":"2019-11-20T16:38:57.348Z","v":0}
{"name":"hexo","hostname":"localhost","pid":96638,"level":20,"msg":"Processed: \u001b[35msource/css/images/logo_cheil_pengtai.png\u001b[39m","time":"2019-11-20T16:38:57.349Z","v":0}
{"name":"hexo","hostname":"localhost","pid":96638,"level":20,"msg":"Processed: \u001b[35msource/css/images/logo_cheilpengtai.png\u001b[39m","time":"2019-11-20T16:38:57.350Z","v":0}
{"name":"hexo","hostname":"localhost","pid":96638,"level":20,"msg":"Processed: \u001b[35msource/css/images/logo_paiyue.png\u001b[39m","time":"2019-11-20T16:38:57.350Z","v":0}
{"name":"hexo","hostname":"localhost","pid":96638,"level":20,"msg":"Processed: \u001b[35msource/css/images/logo_paiyue_system.png\u001b[39m","time":"2019-11-20T16:38:57.351Z","v":0}
{"name":"hexo","hostname":"localhost","pid":96638,"level":20,"msg":"Processed: \u001b[35msource/css/images/logo_pureget_system.png\u001b[39m","time":"2019-11-20T16:38:57.352Z","v":0}
{"name":"hexo","hostname":"localhost","pid":96638,"level":20,"msg":"Processed: \u001b[35msource/css/images/logo_siemens_mini.png\u001b[39m","time":"2019-11-20T16:38:57.353Z","v":0}
{"name":"hexo","hostname":"localhost","pid":96638,"level":20,"msg":"Processed: \u001b[35msource/css/images/logo_zyb.png\u001b[39m","time":"2019-11-20T16:38:57.354Z","v":0}
{"name":"hexo","hostname":"localhost","pid":96638,"level":20,"msg":"Processed: \u001b[35msource/css/images/logo_zyb_systems.png\u001b[39m","time":"2019-11-20T16:38:57.354Z","v":0}
{"name":"hexo","hostname":"localhost","pid":96638,"level":20,"msg":"Processed: \u001b[35msource/css/images/logo_zyb_yike.png\u001b[39m","time":"2019-11-20T16:38:57.355Z","v":0}
{"name":"hexo","hostname":"localhost","pid":96638,"level":20,"msg":"Processed: \u001b[35msource/css/images/my_photo_1.png\u001b[39m","time":"2019-11-20T16:38:57.355Z","v":0}
{"name":"hexo","hostname":"localhost","pid":96638,"level":20,"msg":"Processed: \u001b[35msource/css/images/samsung_logo.png\u001b[39m","time":"2019-11-20T16:38:57.356Z","v":0}
{"name":"hexo","hostname":"localhost","pid":96638,"level":20,"msg":"Processed: \u001b[35msource/fancybox/helpers/fancybox_buttons.png\u001b[39m","time":"2019-11-20T16:38:57.357Z","v":0}
{"name":"hexo","hostname":"localhost","pid":96638,"level":20,"msg":"Processed: \u001b[35msource/fancybox/helpers/jquery.fancybox-buttons.css\u001b[39m","time":"2019-11-20T16:38:57.358Z","v":0}
{"name":"hexo","hostname":"localhost","pid":96638,"level":20,"msg":"Processed: \u001b[35msource/fancybox/helpers/jquery.fancybox-buttons.js\u001b[39m","time":"2019-11-20T16:38:57.358Z","v":0}
{"name":"hexo","hostname":"localhost","pid":96638,"level":20,"msg":"Processed: \u001b[35msource/fancybox/helpers/jquery.fancybox-media.js\u001b[39m","time":"2019-11-20T16:38:57.359Z","v":0}
{"name":"hexo","hostname":"localhost","pid":96638,"level":20,"msg":"Processed: \u001b[35msource/fancybox/helpers/jquery.fancybox-thumbs.css\u001b[39m","time":"2019-11-20T16:38:57.359Z","v":0}
{"name":"hexo","hostname":"localhost","pid":96638,"level":20,"msg":"Processed: \u001b[35msource/fancybox/helpers/jquery.fancybox-thumbs.js\u001b[39m","time":"2019-11-20T16:38:57.360Z","v":0}
{"name":"hexo","hostname":"localhost","pid":96638,"level":20,"msg":"Processed: \u001b[35mlayout/_partial/after-footer.ejs\u001b[39m","time":"2019-11-20T16:38:57.378Z","v":0}
{"name":"hexo","hostname":"localhost","pid":96638,"level":20,"msg":"Processed: \u001b[35mlayout/_partial/archive-post.ejs\u001b[39m","time":"2019-11-20T16:38:57.379Z","v":0}
{"name":"hexo","hostname":"localhost","pid":96638,"level":20,"msg":"Processed: \u001b[35mlayout/_partial/archive.ejs\u001b[39m","time":"2019-11-20T16:38:57.379Z","v":0}
{"name":"hexo","hostname":"localhost","pid":96638,"level":20,"msg":"Processed: \u001b[35mlayout/_partial/article.ejs\u001b[39m","time":"2019-11-20T16:38:57.380Z","v":0}
{"name":"hexo","hostname":"localhost","pid":96638,"level":20,"msg":"Processed: \u001b[35mlayout/_partial/footer.ejs\u001b[39m","time":"2019-11-20T16:38:57.380Z","v":0}
{"name":"hexo","hostname":"localhost","pid":96638,"level":20,"msg":"Processed: \u001b[35mlayout/_partial/gauges-analytics.ejs\u001b[39m","time":"2019-11-20T16:38:57.380Z","v":0}
{"name":"hexo","hostname":"localhost","pid":96638,"level":20,"msg":"Processed: \u001b[35mlayout/_partial/google-analytics.ejs\u001b[39m","time":"2019-11-20T16:38:57.380Z","v":0}
{"name":"hexo","hostname":"localhost","pid":96638,"level":20,"msg":"Processed: \u001b[35mlayout/_partial/head.ejs\u001b[39m","time":"2019-11-20T16:38:57.381Z","v":0}
{"name":"hexo","hostname":"localhost","pid":96638,"level":20,"msg":"Processed: \u001b[35mlayout/_partial/header.ejs\u001b[39m","time":"2019-11-20T16:38:57.381Z","v":0}
{"name":"hexo","hostname":"localhost","pid":96638,"level":20,"msg":"Processed: \u001b[35mlayout/_partial/mobile-nav.ejs\u001b[39m","time":"2019-11-20T16:38:57.381Z","v":0}
{"name":"hexo","hostname":"localhost","pid":96638,"level":20,"msg":"Processed: \u001b[35mlayout/_partial/sidebar.ejs\u001b[39m","time":"2019-11-20T16:38:57.381Z","v":0}
{"name":"hexo","hostname":"localhost","pid":96638,"level":20,"msg":"Processed: \u001b[35mlayout/_widget/archive.ejs\u001b[39m","time":"2019-11-20T16:38:57.382Z","v":0}
{"name":"hexo","hostname":"localhost","pid":96638,"level":20,"msg":"Processed: \u001b[35mlayout/_widget/category.ejs\u001b[39m","time":"2019-11-20T16:38:57.382Z","v":0}
{"name":"hexo","hostname":"localhost","pid":96638,"level":20,"msg":"Processed: \u001b[35mlayout/_widget/recent_posts.ejs\u001b[39m","time":"2019-11-20T16:38:57.382Z","v":0}
{"name":"hexo","hostname":"localhost","pid":96638,"level":20,"msg":"Processed: \u001b[35mlayout/_widget/tag.ejs\u001b[39m","time":"2019-11-20T16:38:57.382Z","v":0}
{"name":"hexo","hostname":"localhost","pid":96638,"level":20,"msg":"Processed: \u001b[35mlayout/_widget/tagcloud.ejs\u001b[39m","time":"2019-11-20T16:38:57.382Z","v":0}
{"name":"hexo","hostname":"localhost","pid":96638,"level":20,"msg":"Processed: \u001b[35mlayout/_partial/post/category.ejs\u001b[39m","time":"2019-11-20T16:38:57.394Z","v":0}
{"name":"hexo","hostname":"localhost","pid":96638,"level":20,"msg":"Processed: \u001b[35mlayout/_partial/post/date.ejs\u001b[39m","time":"2019-11-20T16:38:57.394Z","v":0}
{"name":"hexo","hostname":"localhost","pid":96638,"level":20,"msg":"Processed: \u001b[35mlayout/_partial/post/gallery.ejs\u001b[39m","time":"2019-11-20T16:38:57.395Z","v":0}
{"name":"hexo","hostname":"localhost","pid":96638,"level":20,"msg":"Processed: \u001b[35mlayout/_partial/post/nav.ejs\u001b[39m","time":"2019-11-20T16:38:57.395Z","v":0}
{"name":"hexo","hostname":"localhost","pid":96638,"level":20,"msg":"Processed: \u001b[35mlayout/_partial/post/tag.ejs\u001b[39m","time":"2019-11-20T16:38:57.395Z","v":0}
{"name":"hexo","hostname":"localhost","pid":96638,"level":20,"msg":"Processed: \u001b[35mlayout/_partial/post/title.ejs\u001b[39m","time":"2019-11-20T16:38:57.396Z","v":0}
{"name":"hexo","hostname":"localhost","pid":96638,"level":20,"msg":"Generator: \u001b[35mpage\u001b[39m","time":"2019-11-20T16:38:57.483Z","v":0}
{"name":"hexo","hostname":"localhost","pid":96638,"level":20,"msg":"Generator: \u001b[35mpost\u001b[39m","time":"2019-11-20T16:38:57.484Z","v":0}
{"name":"hexo","hostname":"localhost","pid":96638,"level":20,"msg":"Generator: \u001b[35mcategory\u001b[39m","time":"2019-11-20T16:38:57.484Z","v":0}
{"name":"hexo","hostname":"localhost","pid":96638,"level":20,"msg":"Generator: \u001b[35marchive\u001b[39m","time":"2019-11-20T16:38:57.484Z","v":0}
{"name":"hexo","hostname":"localhost","pid":96638,"level":20,"msg":"Generator: \u001b[35mindex\u001b[39m","time":"2019-11-20T16:38:57.484Z","v":0}
{"name":"hexo","hostname":"localhost","pid":96638,"level":20,"msg":"Generator: \u001b[35mtag\u001b[39m","time":"2019-11-20T16:38:57.484Z","v":0}
{"name":"hexo","hostname":"localhost","pid":96638,"level":20,"msg":"Generator: \u001b[35masset\u001b[39m","time":"2019-11-20T16:38:57.491Z","v":0}
{"name":"hexo","hostname":"localhost","pid":96638,"level":30,"msg":"Hexo is running at \u001b[4mhttp://localhost:4000\u001b[24m . Press Ctrl+C to stop.","time":"2019-11-20T16:38:57.511Z","v":0}
{"name":"hexo","hostname":"localhost","pid":96638,"level":20,"msg":"Database saved","time":"2019-11-20T16:38:57.521Z","v":0}
{"name":"hexo","hostname":"localhost","pid":96638,"level":20,"msg":"Rendering HTML index: \u001b[35mindex.html\u001b[39m","time":"2019-11-20T16:39:32.616Z","v":0}
{"name":"hexo","hostname":"localhost","pid":96638,"level":20,"msg":"Rendering HTML archive: \u001b[35marchives/index.html\u001b[39m","time":"2019-11-20T16:41:08.938Z","v":0}
{"name":"hexo","hostname":"localhost","pid":96638,"level":30,"msg":"See you again","time":"2019-11-20T16:41:36.008Z","v":0}
{"name":"hexo","hostname":"localhost","pid":96638,"level":20,"msg":"Database saved","time":"2019-11-20T16:41:36.041Z","v":0}
